2021-11-22 15:37:32,242 [INFO] util.33 root:	【登录成功！】
2021-11-22 15:37:36,580 [INFO] util.33 root:	

        _____________________________________________________

        欢迎回来， DangoLee :

            当前体力值：10
            KWT:2695
            宝宝数量：1
            装饰品数量：0
            染料数量：0
            地块数量：1
            材料数量：0
            房间数量：0
            植物数量：2
        
2021-11-22 15:37:36,581 [INFO] __init__.465 schedule:	Running job Every 240 seconds do task_queue() (last run: [never], next run: 2021-11-22 15:41:36)
2021-11-22 15:37:36,582 [INFO] util.33 root:	【收菜任务开始】
2021-11-22 15:37:45,747 [INFO] util.33 root:	收菜成功！Tree Uid:1637045978971,名称：Goldberry
2021-11-22 15:37:48,529 [INFO] util.33 root:	收菜成功！Tree Uid:1637254143700,名称：Parple
2021-11-22 15:37:48,529 [INFO] util.33 root:	【收菜任务结束】
2021-11-22 15:37:48,530 [INFO] util.33 root:	
______________________

2021-11-22 15:37:48,530 [INFO] util.33 root:	【收蛋任务开始】
2021-11-22 15:41:51,732 [INFO] util.33 root:	【登录失败，请联系作者】
2021-11-22 15:41:53,410 [INFO] util.33 root:	获取用户数据失败！请联系作者
2021-11-22 15:43:24,847 [INFO] util.33 root:	【登录失败，请联系作者】
2021-11-22 15:43:26,686 [INFO] util.33 root:	获取用户数据失败！请联系作者
